  IndexBuffer.cpp
  main.cpp
  Renderer.cpp
  Shader.cpp
  Texture.cpp
  stb_image.cpp
  VertexArray.cpp
d:\dev\helloopengl\helloopengl\src\vertexarray.cpp(37): warning C4312: 'type cast': conversion from 'unsigned int' to 'const void *' of greater size
  VertexBuffer.cpp
  Generating Code...
IndexBuffer.obj : error LNK2001: unresolved external symbol __imp___glewBindBuffer
VertexBuffer.obj : error LNK2001: unresolved external symbol __imp___glewBindBuffer
IndexBuffer.obj : error LNK2001: unresolved external symbol __imp___glewBufferData
VertexBuffer.obj : error LNK2001: unresolved external symbol __imp___glewBufferData
IndexBuffer.obj : error LNK2001: unresolved external symbol __imp___glewDeleteBuffers
VertexBuffer.obj : error LNK2001: unresolved external symbol __imp___glewDeleteBuffers
IndexBuffer.obj : error LNK2001: unresolved external symbol __imp___glewGenBuffers
VertexBuffer.obj : error LNK2001: unresolved external symbol __imp___glewGenBuffers
main.obj : error LNK2019: unresolved external symbol __imp_glewInit referenced in function main
main.obj : error LNK2019: unresolved external symbol glfwInit referenced in function main
main.obj : error LNK2019: unresolved external symbol glfwTerminate referenced in function main
main.obj : error LNK2019: unresolved external symbol glfwWindowHint referenced in function main
main.obj : error LNK2019: unresolved external symbol glfwCreateWindow referenced in function main
main.obj : error LNK2019: unresolved external symbol glfwWindowShouldClose referenced in function main
main.obj : error LNK2019: unresolved external symbol glfwPollEvents referenced in function main
main.obj : error LNK2019: unresolved external symbol glfwMakeContextCurrent referenced in function main
main.obj : error LNK2019: unresolved external symbol glfwSwapBuffers referenced in function main
main.obj : error LNK2019: unresolved external symbol glfwSwapInterval referenced in function main
Shader.obj : error LNK2001: unresolved external symbol __imp___glewAttachShader
Shader.obj : error LNK2001: unresolved external symbol __imp___glewCompileShader
Shader.obj : error LNK2001: unresolved external symbol __imp___glewCreateProgram
Shader.obj : error LNK2001: unresolved external symbol __imp___glewCreateShader
Shader.obj : error LNK2001: unresolved external symbol __imp___glewDeleteProgram
Shader.obj : error LNK2001: unresolved external symbol __imp___glewDeleteShader
Shader.obj : error LNK2001: unresolved external symbol __imp___glewGetShaderInfoLog
Shader.obj : error LNK2001: unresolved external symbol __imp___glewGetShaderiv
Shader.obj : error LNK2001: unresolved external symbol __imp___glewGetUniformLocation
Shader.obj : error LNK2001: unresolved external symbol __imp___glewLinkProgram
Shader.obj : error LNK2001: unresolved external symbol __imp___glewShaderSource
Shader.obj : error LNK2001: unresolved external symbol __imp___glewUniform1f
Shader.obj : error LNK2001: unresolved external symbol __imp___glewUniform1i
Shader.obj : error LNK2001: unresolved external symbol __imp___glewUniform4f
Shader.obj : error LNK2001: unresolved external symbol __imp___glewUseProgram
Shader.obj : error LNK2001: unresolved external symbol __imp___glewValidateProgram
Texture.obj : error LNK2001: unresolved external symbol __imp___glewActiveTexture
VertexArray.obj : error LNK2001: unresolved external symbol __imp___glewEnableVertexAttribArray
VertexArray.obj : error LNK2001: unresolved external symbol __imp___glewVertexAttribPointer
VertexArray.obj : error LNK2001: unresolved external symbol __imp___glewBindVertexArray
VertexArray.obj : error LNK2001: unresolved external symbol __imp___glewDeleteVertexArrays
VertexArray.obj : error LNK2001: unresolved external symbol __imp___glewGenVertexArrays
D:\Dev\HelloOpenGL\Dependencies\glfw\lib-vc2015\glfw3.lib : warning LNK4272: library machine type 'x86' conflicts with target machine type 'x64'
D:\Dev\HelloOpenGL\x64\Debug\HelloOpenGL.exe : fatal error LNK1120: 36 unresolved externals
